[ 2016-01-15T10:03:29+08:00 ] 140.207.54.78 /timematch/Home/index/index?signature=0f5e5724bce26e13ff930579968b9fda3229fa49&timestamp=1452823451&nonce=1103801221
INFO: [ app_init ] --START--
INFO: Run Behavior\BuildLiteBehavior [ RunTime:0.000000s ]
INFO: [ app_init ] --END-- [ RunTime:0.000000s ]
INFO: [ app_begin ] --START--
INFO: Run Behavior\ReadHtmlCacheBehavior [ RunTime:0.000977s ]
INFO: [ app_begin ] --END-- [ RunTime:0.000977s ]
NOTIC: [8] Undefined index: echostr C:\xampp\htdocs\timematch\Application\Home\Controller\IndexController.class.php 第 7 行.
INFO: [ app_end ] --START--
INFO: Run Behavior\ShowPageTraceBehavior [ RunTime:0.000000s ]
INFO: [ app_end ] --END-- [ RunTime:0.000976s ]

[ 2016-01-15T10:03:38+08:00 ] 61.167.60.252 /timematch/Home/index/add_activity/openid/o0JATs9whVPA80hiMToUlMcQtppE
INFO: [ app_init ] --START--
INFO: Run Behavior\BuildLiteBehavior [ RunTime:0.000000s ]
INFO: [ app_init ] --END-- [ RunTime:0.000977s ]
INFO: [ app_begin ] --START--
INFO: Run Behavior\ReadHtmlCacheBehavior [ RunTime:0.000977s ]
INFO: [ app_begin ] --END-- [ RunTime:0.000977s ]
INFO: [ view_parse ] --START--
INFO: [ template_filter ] --START--
INFO: Run Behavior\ContentReplaceBehavior [ RunTime:0.000000s ]
INFO: [ template_filter ] --END-- [ RunTime:0.000976s ]
INFO: Run Behavior\ParseTemplateBehavior [ RunTime:0.013672s ]
INFO: [ view_parse ] --END-- [ RunTime:0.014648s ]
INFO: [ view_filter ] --START--
INFO: Run Behavior\WriteHtmlCacheBehavior [ RunTime:0.000000s ]
INFO: [ view_filter ] --END-- [ RunTime:0.000000s ]
INFO: [ app_end ] --START--
INFO: Run Behavior\ShowPageTraceBehavior [ RunTime:0.000977s ]
INFO: [ app_end ] --END-- [ RunTime:0.001953s ]

[ 2016-01-15T10:03:56+08:00 ] 61.167.60.252 /timematch/Home/index/add_activity/openid/add_activity
INFO: [ app_init ] --START--
INFO: Run Behavior\BuildLiteBehavior [ RunTime:0.000000s ]
INFO: [ app_init ] --END-- [ RunTime:0.000000s ]
INFO: [ app_begin ] --START--
INFO: Run Behavior\ReadHtmlCacheBehavior [ RunTime:0.000976s ]
INFO: [ app_begin ] --END-- [ RunTime:0.000976s ]
SQL: SHOW COLUMNS FROM `tim_activity` [ RunTime:0.0039s ]
NOTIC: [8] Undefined offset: 2 C:\xampp\htdocs\timematch\Application\Home\Controller\IndexController.class.php 第 38 行.
NOTIC: [8] Undefined offset: 1 C:\xampp\htdocs\timematch\Application\Home\Controller\IndexController.class.php 第 38 行.
NOTIC: [8] Undefined offset: 2 C:\xampp\htdocs\timematch\Application\Home\Controller\IndexController.class.php 第 40 行.
NOTIC: [8] Undefined offset: 1 C:\xampp\htdocs\timematch\Application\Home\Controller\IndexController.class.php 第 40 行.
SQL: INSERT INTO `tim_activity` (`ActivityLeaderId`,`ActivityTitle`,`ActivityPlace`,`ActivityLeaderName`,`ActivityRemark`,`ActivityStartDate`,`ActivityEndDate`) VALUES ('o0JATs9whVPA80hiMToUlMcQtppE','哈哈','更高','','','--','--') [ RunTime:0.0127s ]
INFO: [ view_parse ] --START--
INFO: [ template_filter ] --START--
INFO: Run Behavior\ContentReplaceBehavior [ RunTime:0.000000s ]
INFO: [ template_filter ] --END-- [ RunTime:0.000000s ]
NOTIC: [8] Undefined variable: OpenId C:\xampp\htdocs\timematch\Application\Runtime\Cache\Home\15192d7c9d3f164b923b898f1beb069f.php 第 130 行.
INFO: Run Behavior\ParseTemplateBehavior [ RunTime:0.013672s ]
INFO: [ view_parse ] --END-- [ RunTime:0.013672s ]
INFO: [ view_filter ] --START--
INFO: Run Behavior\WriteHtmlCacheBehavior [ RunTime:0.000000s ]
INFO: [ view_filter ] --END-- [ RunTime:0.000000s ]
INFO: [ app_end ] --START--
INFO: Run Behavior\ShowPageTraceBehavior [ RunTime:0.000976s ]
INFO: [ app_end ] --END-- [ RunTime:0.000976s ]

[ 2016-01-15T10:03:58+08:00 ] 61.167.60.252 /timematch/Home/index/show_erweima/openid/26
INFO: [ app_init ] --START--
INFO: Run Behavior\BuildLiteBehavior [ RunTime:0.000000s ]
INFO: [ app_init ] --END-- [ RunTime:0.000000s ]
INFO: [ app_begin ] --START--
INFO: Run Behavior\ReadHtmlCacheBehavior [ RunTime:0.000000s ]
INFO: [ app_begin ] --END-- [ RunTime:0.000977s ]
INFO: [ app_end ] --START--
INFO: Run Behavior\ShowPageTraceBehavior [ RunTime:0.000000s ]
INFO: [ app_end ] --END-- [ RunTime:0.000977s ]

[ 2016-01-15T10:04:12+08:00 ] 61.167.60.252 /timematch/Home/index/participate/activity_id/26
INFO: [ app_init ] --START--
INFO: Run Behavior\BuildLiteBehavior [ RunTime:0.000000s ]
INFO: [ app_init ] --END-- [ RunTime:0.000000s ]
INFO: [ app_begin ] --START--
INFO: Run Behavior\ReadHtmlCacheBehavior [ RunTime:0.000976s ]
INFO: [ app_begin ] --END-- [ RunTime:0.000976s ]
SQL: SHOW COLUMNS FROM `tim_activity` [ RunTime:0.0039s ]
SQL: SELECT * FROM `tim_activity` WHERE ( ActivityId = 26 ) LIMIT 1   [ RunTime:0.0000s ]
SQL: SHOW COLUMNS FROM `tim_record` [ RunTime:0.0020s ]
SQL: SELECT * FROM `tim_record` WHERE `RecordActivityId` = '26' AND `RecordUserId` = 'test2'  [ RunTime:0.0000s ]
INFO: [ view_parse ] --START--
INFO: [ template_filter ] --START--
INFO: Run Behavior\ContentReplaceBehavior [ RunTime:0.000000s ]
INFO: [ template_filter ] --END-- [ RunTime:0.000000s ]
NOTIC: [8] Undefined index: value C:\xampp\htdocs\timematch\Application\Runtime\Cache\Home\c10f8e63d3e28f3a081a76c1cccd0d2f.php 第 157 行.
INFO: Run Behavior\ParseTemplateBehavior [ RunTime:0.022461s ]
INFO: [ view_parse ] --END-- [ RunTime:0.022461s ]
INFO: [ view_filter ] --START--
INFO: Run Behavior\WriteHtmlCacheBehavior [ RunTime:0.000976s ]
INFO: [ view_filter ] --END-- [ RunTime:0.000976s ]
INFO: [ app_end ] --START--
INFO: Run Behavior\ShowPageTraceBehavior [ RunTime:0.002930s ]
INFO: [ app_end ] --END-- [ RunTime:0.002930s ]

[ 2016-01-15T10:04:17+08:00 ] 61.167.60.252 /timematch/Home/index/add_activity/openid/o0JATs9whVPA80hiMToUlMcQtppE
INFO: [ app_init ] --START--
INFO: Run Behavior\BuildLiteBehavior [ RunTime:0.000000s ]
INFO: [ app_init ] --END-- [ RunTime:0.000976s ]
INFO: [ app_begin ] --START--
INFO: Run Behavior\ReadHtmlCacheBehavior [ RunTime:0.000000s ]
INFO: [ app_begin ] --END-- [ RunTime:0.000000s ]
INFO: [ view_parse ] --START--
INFO: [ template_filter ] --START--
INFO: Run Behavior\ContentReplaceBehavior [ RunTime:0.000000s ]
INFO: [ template_filter ] --END-- [ RunTime:0.000000s ]
INFO: Run Behavior\ParseTemplateBehavior [ RunTime:0.016602s ]
INFO: [ view_parse ] --END-- [ RunTime:0.016602s ]
INFO: [ view_filter ] --START--
INFO: Run Behavior\WriteHtmlCacheBehavior [ RunTime:0.000000s ]
INFO: [ view_filter ] --END-- [ RunTime:0.000977s ]
INFO: [ app_end ] --START--
INFO: Run Behavior\ShowPageTraceBehavior [ RunTime:0.000976s ]
INFO: [ app_end ] --END-- [ RunTime:0.000976s ]

[ 2016-01-15T10:04:21+08:00 ] 61.167.60.252 /timematch/Home/index/add_activity/openid/o0JATs9whVPA80hiMToUlMcQtppE
INFO: [ app_init ] --START--
INFO: Run Behavior\BuildLiteBehavior [ RunTime:0.000000s ]
INFO: [ app_init ] --END-- [ RunTime:0.000000s ]
INFO: [ app_begin ] --START--
INFO: Run Behavior\ReadHtmlCacheBehavior [ RunTime:0.000976s ]
INFO: [ app_begin ] --END-- [ RunTime:0.000976s ]
INFO: [ view_parse ] --START--
INFO: [ template_filter ] --START--
INFO: Run Behavior\ContentReplaceBehavior [ RunTime:0.000000s ]
INFO: [ template_filter ] --END-- [ RunTime:0.000000s ]
INFO: Run Behavior\ParseTemplateBehavior [ RunTime:0.011719s ]
INFO: [ view_parse ] --END-- [ RunTime:0.012695s ]
INFO: [ view_filter ] --START--
INFO: Run Behavior\WriteHtmlCacheBehavior [ RunTime:0.000000s ]
INFO: [ view_filter ] --END-- [ RunTime:0.000000s ]
INFO: [ app_end ] --START--
INFO: Run Behavior\ShowPageTraceBehavior [ RunTime:0.000977s ]
INFO: [ app_end ] --END-- [ RunTime:0.000977s ]

[ 2016-01-15T10:04:31+08:00 ] 61.167.60.252 /timematch/Home/index/add_activity/openid/add_activity
INFO: [ app_init ] --START--
INFO: Run Behavior\BuildLiteBehavior [ RunTime:0.000000s ]
INFO: [ app_init ] --END-- [ RunTime:0.000000s ]
INFO: [ app_begin ] --START--
INFO: Run Behavior\ReadHtmlCacheBehavior [ RunTime:0.000000s ]
INFO: [ app_begin ] --END-- [ RunTime:0.000976s ]
SQL: SHOW COLUMNS FROM `tim_activity` [ RunTime:0.0029s ]
NOTIC: [8] Undefined offset: 2 C:\xampp\htdocs\timematch\Application\Home\Controller\IndexController.class.php 第 38 行.
NOTIC: [8] Undefined offset: 1 C:\xampp\htdocs\timematch\Application\Home\Controller\IndexController.class.php 第 38 行.
NOTIC: [8] Undefined offset: 2 C:\xampp\htdocs\timematch\Application\Home\Controller\IndexController.class.php 第 40 行.
NOTIC: [8] Undefined offset: 1 C:\xampp\htdocs\timematch\Application\Home\Controller\IndexController.class.php 第 40 行.
SQL: INSERT INTO `tim_activity` (`ActivityLeaderId`,`ActivityTitle`,`ActivityPlace`,`ActivityLeaderName`,`ActivityRemark`,`ActivityStartDate`,`ActivityEndDate`) VALUES ('o0JATs9whVPA80hiMToUlMcQtppE','男女','哈哈','','','--','--') [ RunTime:0.0098s ]
INFO: [ view_parse ] --START--
INFO: [ template_filter ] --START--
INFO: Run Behavior\ContentReplaceBehavior [ RunTime:0.000000s ]
INFO: [ template_filter ] --END-- [ RunTime:0.000000s ]
NOTIC: [8] Undefined variable: OpenId C:\xampp\htdocs\timematch\Application\Runtime\Cache\Home\15192d7c9d3f164b923b898f1beb069f.php 第 130 行.
INFO: Run Behavior\ParseTemplateBehavior [ RunTime:0.012695s ]
INFO: [ view_parse ] --END-- [ RunTime:0.012695s ]
INFO: [ view_filter ] --START--
INFO: Run Behavior\WriteHtmlCacheBehavior [ RunTime:0.000000s ]
INFO: [ view_filter ] --END-- [ RunTime:0.000000s ]
INFO: [ app_end ] --START--
INFO: Run Behavior\ShowPageTraceBehavior [ RunTime:0.000976s ]
INFO: [ app_end ] --END-- [ RunTime:0.000976s ]

[ 2016-01-15T10:04:36+08:00 ] 61.167.60.252 /timematch/Home/index/show_erweima/openid/27
INFO: [ app_init ] --START--
INFO: Run Behavior\BuildLiteBehavior [ RunTime:0.000000s ]
INFO: [ app_init ] --END-- [ RunTime:0.000977s ]
INFO: [ app_begin ] --START--
INFO: Run Behavior\ReadHtmlCacheBehavior [ RunTime:0.000977s ]
INFO: [ app_begin ] --END-- [ RunTime:0.000977s ]
INFO: [ app_end ] --START--
INFO: Run Behavior\ShowPageTraceBehavior [ RunTime:0.000000s ]
INFO: [ app_end ] --END-- [ RunTime:0.000976s ]

[ 2016-01-15T10:04:37+08:00 ] 61.167.60.252 /timematch/Home/index/add_activity/openid/o0JATs9whVPA80hiMToUlMcQtppE
INFO: [ app_init ] --START--
INFO: Run Behavior\BuildLiteBehavior [ RunTime:0.000000s ]
INFO: [ app_init ] --END-- [ RunTime:0.000000s ]
INFO: [ app_begin ] --START--
INFO: Run Behavior\ReadHtmlCacheBehavior [ RunTime:0.000000s ]
INFO: [ app_begin ] --END-- [ RunTime:0.000000s ]
INFO: [ view_parse ] --START--
INFO: [ template_filter ] --START--
INFO: Run Behavior\ContentReplaceBehavior [ RunTime:0.000000s ]
INFO: [ template_filter ] --END-- [ RunTime:0.000000s ]
INFO: Run Behavior\ParseTemplateBehavior [ RunTime:0.010742s ]
INFO: [ view_parse ] --END-- [ RunTime:0.010742s ]
INFO: [ view_filter ] --START--
INFO: Run Behavior\WriteHtmlCacheBehavior [ RunTime:0.000000s ]
INFO: [ view_filter ] --END-- [ RunTime:0.000000s ]
INFO: [ app_end ] --START--
INFO: Run Behavior\ShowPageTraceBehavior [ RunTime:0.000976s ]
INFO: [ app_end ] --END-- [ RunTime:0.000976s ]

[ 2016-01-15T10:04:39+08:00 ] 61.167.60.252 /timematch/Home/index/add_activity/openid/o0JATs9whVPA80hiMToUlMcQtppE
INFO: [ app_init ] --START--
INFO: Run Behavior\BuildLiteBehavior [ RunTime:0.000000s ]
INFO: [ app_init ] --END-- [ RunTime:0.000000s ]
INFO: [ app_begin ] --START--
INFO: Run Behavior\ReadHtmlCacheBehavior [ RunTime:0.000977s ]
INFO: [ app_begin ] --END-- [ RunTime:0.000977s ]
INFO: [ view_parse ] --START--
INFO: [ template_filter ] --START--
INFO: Run Behavior\ContentReplaceBehavior [ RunTime:0.000000s ]
INFO: [ template_filter ] --END-- [ RunTime:0.000000s ]
INFO: Run Behavior\ParseTemplateBehavior [ RunTime:0.012695s ]
INFO: [ view_parse ] --END-- [ RunTime:0.012695s ]
INFO: [ view_filter ] --START--
INFO: Run Behavior\WriteHtmlCacheBehavior [ RunTime:0.000000s ]
INFO: [ view_filter ] --END-- [ RunTime:0.000000s ]
INFO: [ app_end ] --START--
INFO: Run Behavior\ShowPageTraceBehavior [ RunTime:0.000976s ]
INFO: [ app_end ] --END-- [ RunTime:0.000976s ]

[ 2016-01-15T10:05:09+08:00 ] 61.167.60.252 /timematch/Home/index/add_activity/openid/add_activity
INFO: [ app_init ] --START--
INFO: Run Behavior\BuildLiteBehavior [ RunTime:0.000000s ]
INFO: [ app_init ] --END-- [ RunTime:0.000000s ]
INFO: [ app_begin ] --START--
INFO: Run Behavior\ReadHtmlCacheBehavior [ RunTime:0.000977s ]
INFO: [ app_begin ] --END-- [ RunTime:0.000977s ]
SQL: SHOW COLUMNS FROM `tim_activity` [ RunTime:0.0029s ]
SQL: INSERT INTO `tim_activity` (`ActivityLeaderId`,`ActivityTitle`,`ActivityPlace`,`ActivityLeaderName`,`ActivityRemark`,`ActivityStartDate`,`ActivityEndDate`) VALUES ('o0JATs9whVPA80hiMToUlMcQtppE','男女','hh','hh','哈哈哈','2016-01-15','2016-01-17') [ RunTime:0.0020s ]
INFO: [ view_parse ] --START--
INFO: [ template_filter ] --START--
INFO: Run Behavior\ContentReplaceBehavior [ RunTime:0.000000s ]
INFO: [ template_filter ] --END-- [ RunTime:0.000976s ]
NOTIC: [8] Undefined variable: OpenId C:\xampp\htdocs\timematch\Application\Runtime\Cache\Home\15192d7c9d3f164b923b898f1beb069f.php 第 130 行.
INFO: Run Behavior\ParseTemplateBehavior [ RunTime:0.013672s ]
INFO: [ view_parse ] --END-- [ RunTime:0.013672s ]
INFO: [ view_filter ] --START--
INFO: Run Behavior\WriteHtmlCacheBehavior [ RunTime:0.000976s ]
INFO: [ view_filter ] --END-- [ RunTime:0.000976s ]
INFO: [ app_end ] --START--
INFO: Run Behavior\ShowPageTraceBehavior [ RunTime:0.000977s ]
INFO: [ app_end ] --END-- [ RunTime:0.000977s ]

[ 2016-01-15T10:05:10+08:00 ] 61.167.60.252 /timematch/Home/index/show_erweima/openid/28
INFO: [ app_init ] --START--
INFO: Run Behavior\BuildLiteBehavior [ RunTime:0.000000s ]
INFO: [ app_init ] --END-- [ RunTime:0.000976s ]
INFO: [ app_begin ] --START--
INFO: Run Behavior\ReadHtmlCacheBehavior [ RunTime:0.000977s ]
INFO: [ app_begin ] --END-- [ RunTime:0.000977s ]
INFO: [ app_end ] --START--
INFO: Run Behavior\ShowPageTraceBehavior [ RunTime:0.000976s ]
INFO: [ app_end ] --END-- [ RunTime:0.000976s ]

[ 2016-01-15T10:05:24+08:00 ] 61.167.60.252 /timematch/Home/index/participate/activity_id/28
INFO: [ app_init ] --START--
INFO: Run Behavior\BuildLiteBehavior [ RunTime:0.000000s ]
INFO: [ app_init ] --END-- [ RunTime:0.000977s ]
INFO: [ app_begin ] --START--
INFO: Run Behavior\ReadHtmlCacheBehavior [ RunTime:0.000977s ]
INFO: [ app_begin ] --END-- [ RunTime:0.000977s ]
SQL: SHOW COLUMNS FROM `tim_activity` [ RunTime:0.0029s ]
SQL: SELECT * FROM `tim_activity` WHERE ( ActivityId = 28 ) LIMIT 1   [ RunTime:0.0000s ]
SQL: SHOW COLUMNS FROM `tim_record` [ RunTime:0.0020s ]
SQL: SELECT * FROM `tim_record` WHERE `RecordActivityId` = '28' AND `RecordUserId` = 'test2'  [ RunTime:0.0010s ]
INFO: [ view_parse ] --START--
INFO: [ template_filter ] --START--
INFO: Run Behavior\ContentReplaceBehavior [ RunTime:0.000976s ]
INFO: [ template_filter ] --END-- [ RunTime:0.000976s ]
NOTIC: [8] Undefined index: value C:\xampp\htdocs\timematch\Application\Runtime\Cache\Home\c10f8e63d3e28f3a081a76c1cccd0d2f.php 第 157 行.
NOTIC: [8] Undefined index: value C:\xampp\htdocs\timematch\Application\Runtime\Cache\Home\c10f8e63d3e28f3a081a76c1cccd0d2f.php 第 157 行.
NOTIC: [8] Undefined index: value C:\xampp\htdocs\timematch\Application\Runtime\Cache\Home\c10f8e63d3e28f3a081a76c1cccd0d2f.php 第 157 行.
INFO: Run Behavior\ParseTemplateBehavior [ RunTime:0.015625s ]
INFO: [ view_parse ] --END-- [ RunTime:0.015625s ]
INFO: [ view_filter ] --START--
INFO: Run Behavior\WriteHtmlCacheBehavior [ RunTime:0.000977s ]
INFO: [ view_filter ] --END-- [ RunTime:0.000977s ]
INFO: [ app_end ] --START--
INFO: Run Behavior\ShowPageTraceBehavior [ RunTime:0.000977s ]
INFO: [ app_end ] --END-- [ RunTime:0.000977s ]

[ 2016-01-15T10:06:02+08:00 ] 61.167.60.252 /timematch/Home/index/add_activity/openid/o0JATs9whVPA80hiMToUlMcQtppE
INFO: [ app_init ] --START--
INFO: Run Behavior\BuildLiteBehavior [ RunTime:0.000000s ]
INFO: [ app_init ] --END-- [ RunTime:0.000976s ]
INFO: [ app_begin ] --START--
INFO: Run Behavior\ReadHtmlCacheBehavior [ RunTime:0.000976s ]
INFO: [ app_begin ] --END-- [ RunTime:0.000976s ]
INFO: [ view_parse ] --START--
INFO: [ template_filter ] --START--
INFO: Run Behavior\ContentReplaceBehavior [ RunTime:0.000000s ]
INFO: [ template_filter ] --END-- [ RunTime:0.000000s ]
INFO: Run Behavior\ParseTemplateBehavior [ RunTime:0.013671s ]
INFO: [ view_parse ] --END-- [ RunTime:0.013671s ]
INFO: [ view_filter ] --START--
INFO: Run Behavior\WriteHtmlCacheBehavior [ RunTime:0.000000s ]
INFO: [ view_filter ] --END-- [ RunTime:0.000000s ]
INFO: [ app_end ] --START--
INFO: Run Behavior\ShowPageTraceBehavior [ RunTime:0.001954s ]
INFO: [ app_end ] --END-- [ RunTime:0.001954s ]

[ 2016-01-15T10:23:04+08:00 ] 140.207.54.77 /timematch/Home/index/index?signature=103aee1e70dbc4c2ea7d38223baa561f54a9a7c0&timestamp=1452824632&nonce=1937700585
INFO: [ app_init ] --START--
INFO: Run Behavior\BuildLiteBehavior [ RunTime:0.000000s ]
INFO: [ app_init ] --END-- [ RunTime:0.000000s ]
INFO: [ app_begin ] --START--
INFO: Run Behavior\ReadHtmlCacheBehavior [ RunTime:0.000977s ]
INFO: [ app_begin ] --END-- [ RunTime:0.000977s ]
NOTIC: [8] Undefined index: echostr C:\xampp\htdocs\timematch\Application\Home\Controller\IndexController.class.php 第 7 行.
INFO: [ app_end ] --START--
INFO: Run Behavior\ShowPageTraceBehavior [ RunTime:0.000977s ]
INFO: [ app_end ] --END-- [ RunTime:0.001953s ]

[ 2016-01-15T13:26:10+08:00 ] 140.207.54.78 /timematch/Home/index/index?signature=9df7ce0c3c1e04d97f041eea657125cee330a501&timestamp=1452835616&nonce=1685642473
INFO: [ app_init ] --START--
INFO: Run Behavior\BuildLiteBehavior [ RunTime:0.000000s ]
INFO: [ app_init ] --END-- [ RunTime:0.001953s ]
INFO: [ app_begin ] --START--
INFO: Run Behavior\ReadHtmlCacheBehavior [ RunTime:0.000000s ]
INFO: [ app_begin ] --END-- [ RunTime:0.000977s ]
NOTIC: [8] Undefined index: echostr C:\xampp\htdocs\timematch\Application\Home\Controller\IndexController.class.php 第 7 行.
INFO: [ app_end ] --START--
INFO: Run Behavior\ShowPageTraceBehavior [ RunTime:0.000977s ]
INFO: [ app_end ] --END-- [ RunTime:0.000977s ]

[ 2016-01-15T13:26:19+08:00 ] 140.207.54.78 /timematch/Home/index/index?signature=b85b6fea9b6d1df418cff8d941c307cbe3fccfa5&timestamp=1452835625&nonce=521069199
INFO: [ app_init ] --START--
INFO: Run Behavior\BuildLiteBehavior [ RunTime:0.000000s ]
INFO: [ app_init ] --END-- [ RunTime:0.000000s ]
INFO: [ app_begin ] --START--
INFO: Run Behavior\ReadHtmlCacheBehavior [ RunTime:0.000976s ]
INFO: [ app_begin ] --END-- [ RunTime:0.000976s ]
NOTIC: [8] Undefined index: echostr C:\xampp\htdocs\timematch\Application\Home\Controller\IndexController.class.php 第 7 行.
INFO: [ app_end ] --START--
INFO: Run Behavior\ShowPageTraceBehavior [ RunTime:0.000000s ]
INFO: [ app_end ] --END-- [ RunTime:0.001954s ]

[ 2016-01-15T13:26:29+08:00 ] 140.207.54.78 /timematch/Home/index/index?signature=8c7bdaea114459e44e30fab3d6efef6d1def765f&timestamp=1452835635&nonce=735230652
INFO: [ app_init ] --START--
INFO: Run Behavior\BuildLiteBehavior [ RunTime:0.000000s ]
INFO: [ app_init ] --END-- [ RunTime:0.000000s ]
INFO: [ app_begin ] --START--
INFO: Run Behavior\ReadHtmlCacheBehavior [ RunTime:0.001953s ]
INFO: [ app_begin ] --END-- [ RunTime:0.001953s ]
NOTIC: [8] Undefined index: echostr C:\xampp\htdocs\timematch\Application\Home\Controller\IndexController.class.php 第 7 行.
INFO: [ app_end ] --START--
INFO: Run Behavior\ShowPageTraceBehavior [ RunTime:0.000976s ]
INFO: [ app_end ] --END-- [ RunTime:0.000976s ]

[ 2016-01-15T13:26:39+08:00 ] 140.207.54.77 /timematch/Home/index/index?signature=4f770d3e776569cde200e6c37583fbb6cfc76ac7&timestamp=1452835645&nonce=1117842215
INFO: [ app_init ] --START--
INFO: Run Behavior\BuildLiteBehavior [ RunTime:0.000000s ]
INFO: [ app_init ] --END-- [ RunTime:0.000000s ]
INFO: [ app_begin ] --START--
INFO: Run Behavior\ReadHtmlCacheBehavior [ RunTime:0.000977s ]
INFO: [ app_begin ] --END-- [ RunTime:0.000977s ]
NOTIC: [8] Undefined index: echostr C:\xampp\htdocs\timematch\Application\Home\Controller\IndexController.class.php 第 7 行.
INFO: [ app_end ] --START--
INFO: Run Behavior\ShowPageTraceBehavior [ RunTime:0.000000s ]
INFO: [ app_end ] --END-- [ RunTime:0.000977s ]

[ 2016-01-15T13:26:47+08:00 ] 140.207.54.76 /timematch/Home/index/index?signature=e2b79504e63a334d37638c1ca38e4662ef4f1761&timestamp=1452835654&nonce=143029768
INFO: [ app_init ] --START--
INFO: Run Behavior\BuildLiteBehavior [ RunTime:0.000000s ]
INFO: [ app_init ] --END-- [ RunTime:0.000000s ]
INFO: [ app_begin ] --START--
INFO: Run Behavior\ReadHtmlCacheBehavior [ RunTime:0.000000s ]
INFO: [ app_begin ] --END-- [ RunTime:0.000977s ]
NOTIC: [8] Undefined index: echostr C:\xampp\htdocs\timematch\Application\Home\Controller\IndexController.class.php 第 7 行.
INFO: [ app_end ] --START--
INFO: Run Behavior\ShowPageTraceBehavior [ RunTime:0.000976s ]
INFO: [ app_end ] --END-- [ RunTime:0.000976s ]

[ 2016-01-15T13:26:53+08:00 ] 140.207.54.80 /timematch/Home/index/index?signature=4473698357bc885eb78c590055889579dff2d378&timestamp=1452835660&nonce=2121674386
INFO: [ app_init ] --START--
INFO: Run Behavior\BuildLiteBehavior [ RunTime:0.000000s ]
INFO: [ app_init ] --END-- [ RunTime:0.000000s ]
INFO: [ app_begin ] --START--
INFO: Run Behavior\ReadHtmlCacheBehavior [ RunTime:0.000977s ]
INFO: [ app_begin ] --END-- [ RunTime:0.000977s ]
NOTIC: [8] Undefined index: echostr C:\xampp\htdocs\timematch\Application\Home\Controller\IndexController.class.php 第 7 行.
INFO: [ app_end ] --START--
INFO: Run Behavior\ShowPageTraceBehavior [ RunTime:0.000976s ]
INFO: [ app_end ] --END-- [ RunTime:0.000976s ]

[ 2016-01-15T13:27:02+08:00 ] 140.207.54.80 /timematch/Home/index/index?signature=3d9680b91fba12139cfae1eecd483f3c3222e4dc&timestamp=1452835668&nonce=2018608712
INFO: [ app_init ] --START--
INFO: Run Behavior\BuildLiteBehavior [ RunTime:0.000000s ]
INFO: [ app_init ] --END-- [ RunTime:0.000000s ]
INFO: [ app_begin ] --START--
INFO: Run Behavior\ReadHtmlCacheBehavior [ RunTime:0.000000s ]
INFO: [ app_begin ] --END-- [ RunTime:0.000000s ]
NOTIC: [8] Undefined index: echostr C:\xampp\htdocs\timematch\Application\Home\Controller\IndexController.class.php 第 7 行.
INFO: [ app_end ] --START--
INFO: Run Behavior\ShowPageTraceBehavior [ RunTime:0.000976s ]
INFO: [ app_end ] --END-- [ RunTime:0.000976s ]

[ 2016-01-15T13:27:09+08:00 ] 140.207.54.78 /timematch/Home/index/index?signature=0f33dc45525d83662d77db6dcb24a018922d975a&timestamp=1452835676&nonce=590523661
INFO: [ app_init ] --START--
INFO: Run Behavior\BuildLiteBehavior [ RunTime:0.000000s ]
INFO: [ app_init ] --END-- [ RunTime:0.000977s ]
INFO: [ app_begin ] --START--
INFO: Run Behavior\ReadHtmlCacheBehavior [ RunTime:0.000977s ]
INFO: [ app_begin ] --END-- [ RunTime:0.000977s ]
NOTIC: [8] Undefined index: echostr C:\xampp\htdocs\timematch\Application\Home\Controller\IndexController.class.php 第 7 行.
INFO: [ app_end ] --START--
INFO: Run Behavior\ShowPageTraceBehavior [ RunTime:0.000000s ]
INFO: [ app_end ] --END-- [ RunTime:0.000977s ]

[ 2016-01-15T16:10:12+08:00 ] 140.207.54.78 /timematch/Home/index/index?signature=b60de0db67cd5a35a3a6dd142dd13f8070cb8fc1&timestamp=1452845450&nonce=1456939196
INFO: [ app_init ] --START--
INFO: Run Behavior\BuildLiteBehavior [ RunTime:0.000000s ]
INFO: [ app_init ] --END-- [ RunTime:0.000000s ]
INFO: [ app_begin ] --START--
INFO: Run Behavior\ReadHtmlCacheBehavior [ RunTime:0.000977s ]
INFO: [ app_begin ] --END-- [ RunTime:0.000977s ]
NOTIC: [8] Undefined index: echostr C:\xampp\htdocs\timematch\Application\Home\Controller\IndexController.class.php 第 7 行.
INFO: [ app_end ] --START--
INFO: Run Behavior\ShowPageTraceBehavior [ RunTime:0.001954s ]
INFO: [ app_end ] --END-- [ RunTime:0.001954s ]

[ 2016-01-15T16:10:22+08:00 ] 140.207.54.78 /timematch/Home/index/index?signature=96f4b90c0faeb2b359751abb97079b68d5412a28&timestamp=1452845461&nonce=23126187
INFO: [ app_init ] --START--
INFO: Run Behavior\BuildLiteBehavior [ RunTime:0.000000s ]
INFO: [ app_init ] --END-- [ RunTime:0.000000s ]
INFO: [ app_begin ] --START--
INFO: Run Behavior\ReadHtmlCacheBehavior [ RunTime:0.000976s ]
INFO: [ app_begin ] --END-- [ RunTime:0.000976s ]
NOTIC: [8] Undefined index: echostr C:\xampp\htdocs\timematch\Application\Home\Controller\IndexController.class.php 第 7 行.
INFO: [ app_end ] --START--
INFO: Run Behavior\ShowPageTraceBehavior [ RunTime:0.000000s ]
INFO: [ app_end ] --END-- [ RunTime:0.000000s ]

[ 2016-01-15T16:11:12+08:00 ] 140.207.54.78 /timematch/Home/index/index?signature=6ef46c45e58318978355f6575685145aff2cc696&timestamp=1452845512&nonce=1347482273
INFO: [ app_init ] --START--
INFO: Run Behavior\BuildLiteBehavior [ RunTime:0.000000s ]
INFO: [ app_init ] --END-- [ RunTime:0.000976s ]
INFO: [ app_begin ] --START--
INFO: Run Behavior\ReadHtmlCacheBehavior [ RunTime:0.000976s ]
INFO: [ app_begin ] --END-- [ RunTime:0.000976s ]
NOTIC: [8] Undefined index: echostr C:\xampp\htdocs\timematch\Application\Home\Controller\IndexController.class.php 第 7 行.
INFO: [ app_end ] --START--
INFO: Run Behavior\ShowPageTraceBehavior [ RunTime:0.000976s ]
INFO: [ app_end ] --END-- [ RunTime:0.000976s ]

[ 2016-01-15T22:57:16+08:00 ] 140.207.54.78 /timematch/Home/index/index?signature=1b7590e310ead50d73a748845e59081beb5aced4&timestamp=1452869823&nonce=732265675
INFO: [ app_init ] --START--
INFO: Run Behavior\BuildLiteBehavior [ RunTime:0.000000s ]
INFO: [ app_init ] --END-- [ RunTime:0.000000s ]
INFO: [ app_begin ] --START--
INFO: Run Behavior\ReadHtmlCacheBehavior [ RunTime:0.000977s ]
INFO: [ app_begin ] --END-- [ RunTime:0.000977s ]
NOTIC: [8] Undefined index: echostr C:\xampp\htdocs\timematch\Application\Home\Controller\IndexController.class.php 第 7 行.
INFO: [ app_end ] --START--
INFO: Run Behavior\ShowPageTraceBehavior [ RunTime:0.000976s ]
INFO: [ app_end ] --END-- [ RunTime:0.000976s ]

[ 2016-01-15T22:57:32+08:00 ] 140.207.54.76 /timematch/Home/index/index?signature=5e071573d61d0bcf20b55faccc646ee39b9e6b35&timestamp=1452869839&nonce=440720267
INFO: [ app_init ] --START--
INFO: Run Behavior\BuildLiteBehavior [ RunTime:0.000000s ]
INFO: [ app_init ] --END-- [ RunTime:0.000977s ]
INFO: [ app_begin ] --START--
INFO: Run Behavior\ReadHtmlCacheBehavior [ RunTime:0.000977s ]
INFO: [ app_begin ] --END-- [ RunTime:0.000977s ]
NOTIC: [8] Undefined index: echostr C:\xampp\htdocs\timematch\Application\Home\Controller\IndexController.class.php 第 7 行.
INFO: [ app_end ] --START--
INFO: Run Behavior\ShowPageTraceBehavior [ RunTime:0.000977s ]
INFO: [ app_end ] --END-- [ RunTime:0.000977s ]

[ 2016-01-15T22:57:37+08:00 ] 140.207.54.78 /timematch/Home/index/index?signature=a5e39ad5384f039d5914003021d6003d14f2ab10&timestamp=1452869843&nonce=752472257
INFO: [ app_init ] --START--
INFO: Run Behavior\BuildLiteBehavior [ RunTime:0.000000s ]
INFO: [ app_init ] --END-- [ RunTime:0.000000s ]
INFO: [ app_begin ] --START--
INFO: Run Behavior\ReadHtmlCacheBehavior [ RunTime:0.000977s ]
INFO: [ app_begin ] --END-- [ RunTime:0.000977s ]
NOTIC: [8] Undefined index: echostr C:\xampp\htdocs\timematch\Application\Home\Controller\IndexController.class.php 第 7 行.
INFO: [ app_end ] --START--
INFO: Run Behavior\ShowPageTraceBehavior [ RunTime:0.000977s ]
INFO: [ app_end ] --END-- [ RunTime:0.000977s ]

[ 2016-01-15T22:57:42+08:00 ] 140.207.54.78 /timematch/Home/index/index?signature=87bcf46562b28776352e2be9599c83671b6bcf2f&timestamp=1452869849&nonce=208564226
INFO: [ app_init ] --START--
INFO: Run Behavior\BuildLiteBehavior [ RunTime:0.000000s ]
INFO: [ app_init ] --END-- [ RunTime:0.000976s ]
INFO: [ app_begin ] --START--
INFO: Run Behavior\ReadHtmlCacheBehavior [ RunTime:0.000976s ]
INFO: [ app_begin ] --END-- [ RunTime:0.000976s ]
NOTIC: [8] Undefined index: echostr C:\xampp\htdocs\timematch\Application\Home\Controller\IndexController.class.php 第 7 行.
INFO: [ app_end ] --START--
INFO: Run Behavior\ShowPageTraceBehavior [ RunTime:0.000000s ]
INFO: [ app_end ] --END-- [ RunTime:0.001953s ]

[ 2016-01-15T22:57:49+08:00 ] 140.207.54.80 /timematch/Home/index/index?signature=17297d8423dbc568185b17aa0ec2504f9aa61d25&timestamp=1452869856&nonce=985152000
INFO: [ app_init ] --START--
INFO: Run Behavior\BuildLiteBehavior [ RunTime:0.000000s ]
INFO: [ app_init ] --END-- [ RunTime:0.000000s ]
INFO: [ app_begin ] --START--
INFO: Run Behavior\ReadHtmlCacheBehavior [ RunTime:0.000976s ]
INFO: [ app_begin ] --END-- [ RunTime:0.000976s ]
NOTIC: [8] Undefined index: echostr C:\xampp\htdocs\timematch\Application\Home\Controller\IndexController.class.php 第 7 行.
INFO: [ app_end ] --START--
INFO: Run Behavior\ShowPageTraceBehavior [ RunTime:0.000977s ]
INFO: [ app_end ] --END-- [ RunTime:0.000977s ]

[ 2016-01-15T22:57:54+08:00 ] 140.207.54.78 /timematch/Home/index/index?signature=918e2ccd79c6b332057ca62ae86a9bb412ae9d02&timestamp=1452869862&nonce=135789588
INFO: [ app_init ] --START--
INFO: Run Behavior\BuildLiteBehavior [ RunTime:0.000000s ]
INFO: [ app_init ] --END-- [ RunTime:0.000000s ]
INFO: [ app_begin ] --START--
INFO: Run Behavior\ReadHtmlCacheBehavior [ RunTime:0.000000s ]
INFO: [ app_begin ] --END-- [ RunTime:0.000000s ]
NOTIC: [8] Undefined index: echostr C:\xampp\htdocs\timematch\Application\Home\Controller\IndexController.class.php 第 7 行.
INFO: [ app_end ] --START--
INFO: Run Behavior\ShowPageTraceBehavior [ RunTime:0.000976s ]
INFO: [ app_end ] --END-- [ RunTime:0.000976s ]

[ 2016-01-15T22:58:00+08:00 ] 140.207.54.78 /timematch/Home/index/index?signature=c739e8548ef6982d6fa9d765b43b19f40111d8c0&timestamp=1452869868&nonce=529043603
INFO: [ app_init ] --START--
INFO: Run Behavior\BuildLiteBehavior [ RunTime:0.000000s ]
INFO: [ app_init ] --END-- [ RunTime:0.000000s ]
INFO: [ app_begin ] --START--
INFO: Run Behavior\ReadHtmlCacheBehavior [ RunTime:0.000000s ]
INFO: [ app_begin ] --END-- [ RunTime:0.000977s ]
NOTIC: [8] Undefined index: echostr C:\xampp\htdocs\timematch\Application\Home\Controller\IndexController.class.php 第 7 行.
INFO: [ app_end ] --START--
INFO: Run Behavior\ShowPageTraceBehavior [ RunTime:0.000977s ]
INFO: [ app_end ] --END-- [ RunTime:0.000977s ]

