[ 2016-01-16T14:26:04+08:00 ] 61.167.60.252 /timematch/Public/js/bootstrap.mim.js
INFO: [ app_init ] --START--
INFO: Run Behavior\BuildLiteBehavior [ RunTime:0.000000s ]
INFO: [ app_init ] --END-- [ RunTime:0.000976s ]
ERR: 无法加载模块:Public

[ 2016-01-16T14:28:01+08:00 ] 61.167.60.252 /timematch/Public/js/bootstrap.mim.js
INFO: [ app_init ] --START--
INFO: Run Behavior\BuildLiteBehavior [ RunTime:0.000000s ]
INFO: [ app_init ] --END-- [ RunTime:0.000976s ]
ERR: 无法加载模块:Public

[ 2016-01-16T15:03:51+08:00 ] 61.167.60.252 /timematch/Public/js/bootstrap.mim.js
INFO: [ app_init ] --START--
INFO: Run Behavior\BuildLiteBehavior [ RunTime:0.000000s ]
INFO: [ app_init ] --END-- [ RunTime:0.000976s ]
ERR: 无法加载模块:Public

[ 2016-01-16T15:47:52+08:00 ] 221.207.242.123 /timematch/Public/js/bootstrap.mim.js
INFO: [ app_init ] --START--
INFO: Run Behavior\BuildLiteBehavior [ RunTime:0.000000s ]
INFO: [ app_init ] --END-- [ RunTime:0.000976s ]
ERR: 无法加载模块:Public

[ 2016-01-16T15:49:43+08:00 ] 101.199.108.58 /timematch/Public/js/bootstrap.mim.js
INFO: [ app_init ] --START--
INFO: Run Behavior\BuildLiteBehavior [ RunTime:0.000000s ]
INFO: [ app_init ] --END-- [ RunTime:0.000977s ]
ERR: 无法加载模块:Public

[ 2016-01-16T16:23:02+08:00 ] 61.167.60.252 /timematch/paticipate/activity_id/o0jats0eafwtfgwhbzxkrbqdspgs.html
INFO: [ app_init ] --START--
INFO: Run Behavior\BuildLiteBehavior [ RunTime:0.000000s ]
INFO: [ app_init ] --END-- [ RunTime:0.000976s ]
ERR: 无法加载模块:Paticipate

[ 2016-01-16T16:25:38+08:00 ] 61.167.60.252 /timematch/participate/activity_id/o0jats0eafwtfgwhbzxkrbqdspgs.html
INFO: [ app_init ] --START--
INFO: Run Behavior\BuildLiteBehavior [ RunTime:0.000000s ]
INFO: [ app_init ] --END-- [ RunTime:0.000977s ]
ERR: 无法加载模块:Participate

[ 2016-01-16T16:27:06+08:00 ] 61.167.60.252 /timematch/participate/activity_id/o0jats0eafwtfgwhbzxkrbqdspgs.html
INFO: [ app_init ] --START--
INFO: Run Behavior\BuildLiteBehavior [ RunTime:0.000000s ]
INFO: [ app_init ] --END-- [ RunTime:0.000977s ]
ERR: 无法加载模块:Participate

[ 2016-01-16T16:28:18+08:00 ] 61.167.60.252 /timematch/index/participate/activity_id/o0jats0eafwtfgwhbzxkrbqdspgs.html
INFO: [ app_init ] --START--
INFO: Run Behavior\BuildLiteBehavior [ RunTime:0.000000s ]
INFO: [ app_init ] --END-- [ RunTime:0.000000s ]
ERR: 无法加载模块:Index

[ 2016-01-16T16:30:01+08:00 ] 61.167.60.252 /timematch/Public/js/bootstrap.mim.js
INFO: [ app_init ] --START--
INFO: Run Behavior\BuildLiteBehavior [ RunTime:0.000000s ]
INFO: [ app_init ] --END-- [ RunTime:0.000976s ]
ERR: 无法加载模块:Public

[ 2016-01-16T17:02:19+08:00 ] 61.167.60.252 /timematch/Public/js/bootstrap.mim.js
INFO: [ app_init ] --START--
INFO: Run Behavior\BuildLiteBehavior [ RunTime:0.000000s ]
INFO: [ app_init ] --END-- [ RunTime:0.000000s ]
ERR: 无法加载模块:Public

[ 2016-01-16T17:06:44+08:00 ] 61.167.60.252 /timematch/Public/js/bootstrap.mim.js
INFO: [ app_init ] --START--
INFO: Run Behavior\BuildLiteBehavior [ RunTime:0.000000s ]
INFO: [ app_init ] --END-- [ RunTime:0.000977s ]
ERR: 无法加载模块:Public

[ 2016-01-16T17:07:54+08:00 ] 61.167.60.252 /timematch/Public/js/bootstrap.mim.js
INFO: [ app_init ] --START--
INFO: Run Behavior\BuildLiteBehavior [ RunTime:0.000000s ]
INFO: [ app_init ] --END-- [ RunTime:0.000000s ]
ERR: 无法加载模块:Public

[ 2016-01-16T17:08:55+08:00 ] 61.167.60.252 /timematch/Public/js/bootstrap.mim.js
INFO: [ app_init ] --START--
INFO: Run Behavior\BuildLiteBehavior [ RunTime:0.000000s ]
INFO: [ app_init ] --END-- [ RunTime:0.000000s ]
ERR: 无法加载模块:Public

[ 2016-01-16T17:18:57+08:00 ] 61.167.60.252 /timematch/Public/js/bootstrap.mim.js
INFO: [ app_init ] --START--
INFO: Run Behavior\BuildLiteBehavior [ RunTime:0.000000s ]
INFO: [ app_init ] --END-- [ RunTime:0.000000s ]
ERR: 无法加载模块:Public

[ 2016-01-16T17:19:15+08:00 ] 61.167.60.252 /timematch/Public/js/bootstrap.mim.js
INFO: [ app_init ] --START--
INFO: Run Behavior\BuildLiteBehavior [ RunTime:0.000000s ]
INFO: [ app_init ] --END-- [ RunTime:0.000000s ]
ERR: 无法加载模块:Public

[ 2016-01-16T17:19:16+08:00 ] 61.167.60.252 /timematch/Public/js/bootstrap.mim.js
INFO: [ app_init ] --START--
INFO: Run Behavior\BuildLiteBehavior [ RunTime:0.000000s ]
INFO: [ app_init ] --END-- [ RunTime:0.000976s ]
ERR: 无法加载模块:Public

[ 2016-01-16T17:20:12+08:00 ] 61.167.60.252 /timematch/Public/js/bootstrap.mim.js
INFO: [ app_init ] --START--
INFO: Run Behavior\BuildLiteBehavior [ RunTime:0.000000s ]
INFO: [ app_init ] --END-- [ RunTime:0.000977s ]
ERR: 无法加载模块:Public

[ 2016-01-16T17:20:18+08:00 ] 61.167.60.252 /timematch/Public/js/bootstrap.mim.js
INFO: [ app_init ] --START--
INFO: Run Behavior\BuildLiteBehavior [ RunTime:0.000000s ]
INFO: [ app_init ] --END-- [ RunTime:0.000000s ]
ERR: 无法加载模块:Public

[ 2016-01-16T17:20:19+08:00 ] 61.167.60.252 /timematch/Public/js/bootstrap.mim.js
INFO: [ app_init ] --START--
INFO: Run Behavior\BuildLiteBehavior [ RunTime:0.000000s ]
INFO: [ app_init ] --END-- [ RunTime:0.000000s ]
ERR: 无法加载模块:Public

[ 2016-01-16T17:20:28+08:00 ] 61.167.60.252 /timematch/Public/js/bootstrap.mim.js
INFO: [ app_init ] --START--
INFO: Run Behavior\BuildLiteBehavior [ RunTime:0.000000s ]
INFO: [ app_init ] --END-- [ RunTime:0.000000s ]
ERR: 无法加载模块:Public

[ 2016-01-16T17:21:33+08:00 ] 61.167.60.252 /timematch/Public/js/bootstrap.mim.js
INFO: [ app_init ] --START--
INFO: Run Behavior\BuildLiteBehavior [ RunTime:0.000000s ]
INFO: [ app_init ] --END-- [ RunTime:0.000000s ]
ERR: 无法加载模块:Public

[ 2016-01-16T17:22:49+08:00 ] 61.167.60.252 /timematch/Public/js/bootstrap.mim.js
INFO: [ app_init ] --START--
INFO: Run Behavior\BuildLiteBehavior [ RunTime:0.000000s ]
INFO: [ app_init ] --END-- [ RunTime:0.000976s ]
ERR: 无法加载模块:Public

[ 2016-01-16T17:24:53+08:00 ] 61.167.60.252 /timematch/Public/js/bootstrap.mim.js
INFO: [ app_init ] --START--
INFO: Run Behavior\BuildLiteBehavior [ RunTime:0.000000s ]
INFO: [ app_init ] --END-- [ RunTime:0.000000s ]
ERR: 无法加载模块:Public

[ 2016-01-16T17:24:56+08:00 ] 101.226.89.120 /timematch/Public/js/bootstrap.mim.js
INFO: [ app_init ] --START--
INFO: Run Behavior\BuildLiteBehavior [ RunTime:0.000000s ]
INFO: [ app_init ] --END-- [ RunTime:0.000977s ]
ERR: 无法加载模块:Public

[ 2016-01-16T17:24:56+08:00 ] 61.167.60.252 /timematch/Public/js/bootstrap.mim.js
INFO: [ app_init ] --START--
INFO: Run Behavior\BuildLiteBehavior [ RunTime:0.000000s ]
INFO: [ app_init ] --END-- [ RunTime:0.000000s ]
ERR: 无法加载模块:Public

[ 2016-01-16T17:25:50+08:00 ] 61.167.60.252 /timematch/Public/js/bootstrap.mim.js
INFO: [ app_init ] --START--
INFO: Run Behavior\BuildLiteBehavior [ RunTime:0.000976s ]
INFO: [ app_init ] --END-- [ RunTime:0.000976s ]
ERR: 无法加载模块:Public

[ 2016-01-16T17:25:53+08:00 ] 61.167.60.252 /timematch/Public/js/bootstrap.mim.js
INFO: [ app_init ] --START--
INFO: Run Behavior\BuildLiteBehavior [ RunTime:0.000000s ]
INFO: [ app_init ] --END-- [ RunTime:0.000000s ]
ERR: 无法加载模块:Public

[ 2016-01-16T17:26:04+08:00 ] 61.167.60.252 /timematch/Public/js/bootstrap.mim.js
INFO: [ app_init ] --START--
INFO: Run Behavior\BuildLiteBehavior [ RunTime:0.000000s ]
INFO: [ app_init ] --END-- [ RunTime:0.000976s ]
ERR: 无法加载模块:Public

[ 2016-01-16T17:26:21+08:00 ] 61.167.60.252 /timematch/Public/js/bootstrap.mim.js
INFO: [ app_init ] --START--
INFO: Run Behavior\BuildLiteBehavior [ RunTime:0.000000s ]
INFO: [ app_init ] --END-- [ RunTime:0.000000s ]
ERR: 无法加载模块:Public

[ 2016-01-16T17:28:01+08:00 ] 61.167.60.252 /timematch/Public/js/bootstrap.mim.js
INFO: [ app_init ] --START--
INFO: Run Behavior\BuildLiteBehavior [ RunTime:0.000000s ]
INFO: [ app_init ] --END-- [ RunTime:0.000000s ]
ERR: 无法加载模块:Public

[ 2016-01-16T17:29:31+08:00 ] 61.167.60.252 /timematch/Public/js/bootstrap.mim.js
INFO: [ app_init ] --START--
INFO: Run Behavior\BuildLiteBehavior [ RunTime:0.000000s ]
INFO: [ app_init ] --END-- [ RunTime:0.000000s ]
ERR: 无法加载模块:Public

[ 2016-01-16T17:29:52+08:00 ] 61.167.60.252 /timematch/Public/js/bootstrap.mim.js
INFO: [ app_init ] --START--
INFO: Run Behavior\BuildLiteBehavior [ RunTime:0.000000s ]
INFO: [ app_init ] --END-- [ RunTime:0.000000s ]
ERR: 无法加载模块:Public

[ 2016-01-16T17:31:19+08:00 ] 61.167.60.252 /timematch/Public/js/bootstrap.mim.js
INFO: [ app_init ] --START--
INFO: Run Behavior\BuildLiteBehavior [ RunTime:0.000000s ]
INFO: [ app_init ] --END-- [ RunTime:0.000976s ]
ERR: 无法加载模块:Public

[ 2016-01-16T21:40:38+08:00 ] 125.211.80.201 /timematch/Public/js/bootstrap.mim.js
INFO: [ app_init ] --START--
INFO: Run Behavior\BuildLiteBehavior [ RunTime:0.000000s ]
INFO: [ app_init ] --END-- [ RunTime:0.000976s ]
ERR: 无法加载模块:Public

