[ 2016-01-19T07:03:16+08:00 ] 1.189.203.170 /timematch/Public/js/bootstrap.mim.js
INFO: [ app_init ] --START--
INFO: Run Behavior\BuildLiteBehavior [ RunTime:0.000000s ]
INFO: [ app_init ] --END-- [ RunTime:0.000000s ]
ERR: 无法加载模块:Public

[ 2016-01-19T07:03:32+08:00 ] 1.189.203.170 /timematch/Public/js/bootstrap.mim.js
INFO: [ app_init ] --START--
INFO: Run Behavior\BuildLiteBehavior [ RunTime:0.000000s ]
INFO: [ app_init ] --END-- [ RunTime:0.000977s ]
ERR: 无法加载模块:Public

[ 2016-01-19T07:03:42+08:00 ] 1.189.203.170 /timematch/Public/js/bootstrap.mim.js
INFO: [ app_init ] --START--
INFO: Run Behavior\BuildLiteBehavior [ RunTime:0.000000s ]
INFO: [ app_init ] --END-- [ RunTime:0.000977s ]
ERR: 无法加载模块:Public

[ 2016-01-19T07:04:10+08:00 ] 1.189.203.170 /timematch/Public/js/bootstrap.mim.js
INFO: [ app_init ] --START--
INFO: Run Behavior\BuildLiteBehavior [ RunTime:0.000000s ]
INFO: [ app_init ] --END-- [ RunTime:0.000000s ]
ERR: 无法加载模块:Public

[ 2016-01-19T11:15:08+08:00 ] 218.9.123.113 /timematch/Public/js/bootstrap.mim.js
INFO: [ app_init ] --START--
INFO: Run Behavior\BuildLiteBehavior [ RunTime:0.000000s ]
INFO: [ app_init ] --END-- [ RunTime:0.000976s ]
ERR: 无法加载模块:Public

[ 2016-01-19T11:15:16+08:00 ] 218.9.123.113 /timematch/Public/js/bootstrap.mim.js
INFO: [ app_init ] --START--
INFO: Run Behavior\BuildLiteBehavior [ RunTime:0.000000s ]
INFO: [ app_init ] --END-- [ RunTime:0.000977s ]
ERR: 无法加载模块:Public

[ 2016-01-19T12:57:41+08:00 ] 113.5.2.11 /timematch/Public/js/bootstrap.mim.js
INFO: [ app_init ] --START--
INFO: Run Behavior\BuildLiteBehavior [ RunTime:0.000000s ]
INFO: [ app_init ] --END-- [ RunTime:0.000000s ]
ERR: 无法加载模块:Public

[ 2016-01-19T13:12:55+08:00 ] 113.5.2.11 /timematch/Public/js/bootstrap.mim.js
INFO: [ app_init ] --START--
INFO: Run Behavior\BuildLiteBehavior [ RunTime:0.000000s ]
INFO: [ app_init ] --END-- [ RunTime:0.000000s ]
ERR: 无法加载模块:Public

[ 2016-01-19T13:14:37+08:00 ] 113.5.2.11 /timematch/Public/js/bootstrap.mim.js
INFO: [ app_init ] --START--
INFO: Run Behavior\BuildLiteBehavior [ RunTime:0.000000s ]
INFO: [ app_init ] --END-- [ RunTime:0.000976s ]
ERR: 无法加载模块:Public

[ 2016-01-19T13:26:32+08:00 ] 122.159.46.107 /timematch/Public/js/bootstrap.mim.js
INFO: [ app_init ] --START--
INFO: Run Behavior\BuildLiteBehavior [ RunTime:0.000000s ]
INFO: [ app_init ] --END-- [ RunTime:0.000977s ]
ERR: 无法加载模块:Public

[ 2016-01-19T13:26:42+08:00 ] 122.159.46.107 /timematch/Public/js/bootstrap.mim.js
INFO: [ app_init ] --START--
INFO: Run Behavior\BuildLiteBehavior [ RunTime:0.000000s ]
INFO: [ app_init ] --END-- [ RunTime:0.000000s ]
ERR: 无法加载模块:Public

[ 2016-01-19T13:27:08+08:00 ] 122.159.46.107 /timematch/Public/js/bootstrap.mim.js
INFO: [ app_init ] --START--
INFO: Run Behavior\BuildLiteBehavior [ RunTime:0.000000s ]
INFO: [ app_init ] --END-- [ RunTime:0.000976s ]
ERR: 无法加载模块:Public

[ 2016-01-19T13:27:33+08:00 ] 122.159.46.107 /timematch/Public/js/bootstrap.mim.js
INFO: [ app_init ] --START--
INFO: Run Behavior\BuildLiteBehavior [ RunTime:0.000000s ]
INFO: [ app_init ] --END-- [ RunTime:0.000977s ]
ERR: 无法加载模块:Public

[ 2016-01-19T13:28:34+08:00 ] 122.159.46.107 /timematch/Public/js/bootstrap.mim.js
INFO: [ app_init ] --START--
INFO: Run Behavior\BuildLiteBehavior [ RunTime:0.000000s ]
INFO: [ app_init ] --END-- [ RunTime:0.000000s ]
ERR: 无法加载模块:Public

